<?xml version="1.0" encoding="UTF-8"?>
<!-- Generated by org.testng.reporters.JUnitXMLReporter -->
<testsuite ignored="0" hostname="Rubaiyats-MacBook-Air.local" failures="0" tests="18" name="Default test" time="5.83" errors="0" timestamp="2023-08-26T04:40:19 BDT">
  <testcase classname="Selenium.netlifyAuto" name="urlCheck" time="0.008"/>
  <testcase classname="Selenium.netlifyAuto" name="titleCheck" time="0.005"/>
  <testcase classname="Selenium.netlifyAuto" name="alertButton" time="0.048"/>
  <testcase classname="Selenium.netlifyAuto" name="doubleClickMe" time="0.137"/>
  <testcase classname="Selenium.netlifyAuto" name="dragAndDrop" time="0.037"/>
  <testcase classname="Selenium.netlifyAuto" name="loggingin" time="0.195"/>
  <testcase classname="Selenium.netlifyAuto" name="backToHome" time="0.166"/>
  <testcase classname="Selenium.netlifyAuto" name="contactAndHome" time="2.272"/>
  <testcase classname="Selenium.netlifyAuto" name="name" time="0.056"/>
  <testcase classname="Selenium.netlifyAuto" name="radioButton" time="0.046"/>
  <testcase classname="Selenium.netlifyAuto" name="dropDown" time="0.082"/>
  <testcase classname="Selenium.netlifyAuto" name="datalist" time="0.028"/>
  <testcase classname="Selenium.netlifyAuto" name="colorPicker" time="0.025"/>
  <testcase classname="Selenium.netlifyAuto" name="selectDate" time="0.07"/>
  <testcase classname="Selenium.netlifyAuto" name="range" time="0.364"/>
  <testcase classname="Selenium.netlifyAuto" name="uploadFile" time="0.029"/>
  <testcase classname="Selenium.netlifyAuto" name="selectNumber" time="0.025"/>
  <testcase classname="Selenium.netlifyAuto" name="textArea" time="0.079"/>
</testsuite> <!-- Default test -->
