<?xml version="1.0" encoding="UTF-8"?>
<!-- Generated by org.testng.reporters.JUnitXMLReporter -->
<testsuite ignored="0" hostname="Rubaiyats-MacBook-Air.local" failures="0" tests="8" name="Default test" time="22.111" errors="0" timestamp="2023-08-22T23:23:45 BDT">
  <testcase classname="Selenium.TestNGannotation" name="urlCheck" time="0.157"/>
  <testcase classname="Selenium.TestNGannotation" name="titleCheck" time="0.097"/>
  <testcase classname="Selenium.TestNGannotation" name="loggingIn" time="6.256"/>
  <testcase classname="Selenium.TestNGannotation" name="addRemoveCart" time="1.012"/>
  <testcase classname="Selenium.TestNGannotation" name="openCart" time="0.95"/>
  <testcase classname="Selenium.TestNGannotation" name="checkOut" time="0.355"/>
  <testcase classname="Selenium.TestNGannotation" name="orderInfo" time="2.4"/>
  <testcase classname="Selenium.TestNGannotation" name="finishToHome" time="0.88"/>
</testsuite> <!-- Default test -->
