<?xml version="1.0" encoding="UTF-8"?>
<testng-results ignored="0" total="8" passed="8" failed="0" skipped="0">
  <reporter-output>
  </reporter-output>
  <suite started-at="2023-08-26T04:43:07 BDT" name="Default suite" finished-at="2023-08-26T04:43:11 BDT" duration-ms="3588">
    <groups>
    </groups>
    <test started-at="2023-08-26T04:43:07 BDT" name="Default test" finished-at="2023-08-26T04:43:11 BDT" duration-ms="3588">
      <class name="Selenium.TestNGannotation">
        <test-method is-config="true" signature="setBaseURL()[pri:0, instance:Selenium.TestNGannotation@3ce1e309]" started-at="2023-08-26T04:43:07 BDT" name="setBaseURL" finished-at="2023-08-26T04:43:10 BDT" duration-ms="2794" status="PASS">
          <reporter-output>
          </reporter-output>
        </test-method> <!-- setBaseURL -->
        <test-method signature="urlCheck()[pri:1, instance:Selenium.TestNGannotation@3ce1e309]" started-at="2023-08-26T04:43:10 BDT" name="urlCheck" finished-at="2023-08-26T04:43:10 BDT" duration-ms="8" status="PASS">
          <reporter-output>
          </reporter-output>
        </test-method> <!-- urlCheck -->
        <test-method signature="titleCheck()[pri:2, instance:Selenium.TestNGannotation@3ce1e309]" started-at="2023-08-26T04:43:10 BDT" name="titleCheck" finished-at="2023-08-26T04:43:10 BDT" duration-ms="3" status="PASS">
          <reporter-output>
          </reporter-output>
        </test-method> <!-- titleCheck -->
        <test-method signature="loggingIn()[pri:3, instance:Selenium.TestNGannotation@3ce1e309]" started-at="2023-08-26T04:43:10 BDT" name="loggingIn" finished-at="2023-08-26T04:43:10 BDT" duration-ms="195" status="PASS">
          <reporter-output>
          </reporter-output>
        </test-method> <!-- loggingIn -->
        <test-method signature="addRemoveCart()[pri:4, instance:Selenium.TestNGannotation@3ce1e309]" started-at="2023-08-26T04:43:10 BDT" name="addRemoveCart" finished-at="2023-08-26T04:43:10 BDT" duration-ms="58" status="PASS">
          <reporter-output>
          </reporter-output>
        </test-method> <!-- addRemoveCart -->
        <test-method signature="openCart()[pri:5, instance:Selenium.TestNGannotation@3ce1e309]" started-at="2023-08-26T04:43:10 BDT" name="openCart" finished-at="2023-08-26T04:43:10 BDT" duration-ms="58" status="PASS">
          <reporter-output>
          </reporter-output>
        </test-method> <!-- openCart -->
        <test-method signature="checkOut()[pri:6, instance:Selenium.TestNGannotation@3ce1e309]" started-at="2023-08-26T04:43:10 BDT" name="checkOut" finished-at="2023-08-26T04:43:10 BDT" duration-ms="53" status="PASS">
          <reporter-output>
          </reporter-output>
        </test-method> <!-- checkOut -->
        <test-method signature="orderInfo()[pri:7, instance:Selenium.TestNGannotation@3ce1e309]" started-at="2023-08-26T04:43:10 BDT" name="orderInfo" finished-at="2023-08-26T04:43:11 BDT" duration-ms="148" status="PASS">
          <reporter-output>
          </reporter-output>
        </test-method> <!-- orderInfo -->
        <test-method signature="finishToHome()[pri:8, instance:Selenium.TestNGannotation@3ce1e309]" started-at="2023-08-26T04:43:11 BDT" name="finishToHome" finished-at="2023-08-26T04:43:11 BDT" duration-ms="105" status="PASS">
          <reporter-output>
          </reporter-output>
        </test-method> <!-- finishToHome -->
        <test-method is-config="true" signature="endSession()[pri:0, instance:Selenium.TestNGannotation@3ce1e309]" started-at="2023-08-26T04:43:11 BDT" name="endSession" finished-at="2023-08-26T04:43:11 BDT" duration-ms="143" status="PASS">
          <reporter-output>
          </reporter-output>
        </test-method> <!-- endSession -->
      </class> <!-- Selenium.TestNGannotation -->
    </test> <!-- Default test -->
  </suite> <!-- Default suite -->
</testng-results>
